<?xml version="1.0" encoding="UTF-8"?>
<testsuite name="com.example.goldentime.GoldentimeApplicationTests" tests="1" skipped="0" failures="0" errors="0" timestamp="2026-03-18T02:53:26.887Z" hostname="DESKTOP-K1UR3LQ" time="5.07">
  <properties/>
  <testcase name="contextLoads()" classname="com.example.goldentime.GoldentimeApplicationTests" time="0.301"/>
  <system-out><![CDATA[11:53:27.068 [Test worker] INFO org.springframework.test.context.support.AnnotationConfigContextLoaderUtils -- Could not detect default configuration classes for test class [com.example.goldentime.GoldentimeApplicationTests]: GoldentimeApplicationTests does not declare any static, non-private, non-final, nested classes annotated with @Configuration.
11:53:27.163 [Test worker] INFO org.springframework.boot.test.context.SpringBootTestContextBootstrapper -- Found @SpringBootConfiguration com.example.goldentime.GoldentimeApplication for test class com.example.goldentime.GoldentimeApplicationTests

  .   ____          _            __ _ _
 /\\ / ___'_ __ _ _(_)_ __  __ _ \ \ \ \
( ( )\___ | '_ | '_| | '_ \/ _` | \ \ \ \
 \\/  ___)| |_)| | | | | || (_| |  ) ) ) )
  '  |____| .__|_| |_|_| |_\__, | / / / /
 =========|_|==============|___/=/_/_/_/

 :: Spring Boot ::                (v4.0.3)

2026-03-18T11:53:27.601+09:00  INFO 19376 --- [    Test worker] c.e.g.GoldentimeApplicationTests         : Starting GoldentimeApplicationTests using Java 17.0.17 with PID 19376 (started by mbc in C:\Users\mbc\Desktop\goldentime)
2026-03-18T11:53:27.603+09:00  INFO 19376 --- [    Test worker] c.e.g.GoldentimeApplicationTests         : The following 1 profile is active: "test"
2026-03-18T11:53:28.215+09:00  INFO 19376 --- [    Test worker] .s.d.r.c.RepositoryConfigurationDelegate : Bootstrapping Spring Data JPA repositories in DEFAULT mode.
2026-03-18T11:53:28.289+09:00  INFO 19376 --- [    Test worker] .s.d.r.c.RepositoryConfigurationDelegate : Finished Spring Data repository scanning in 64 ms. Found 5 JPA repository interfaces.
2026-03-18T11:53:28.721+09:00  INFO 19376 --- [    Test worker] com.zaxxer.hikari.HikariDataSource       : HikariPool-1 - Starting...
2026-03-18T11:53:28.917+09:00  INFO 19376 --- [    Test worker] com.zaxxer.hikari.pool.HikariPool        : HikariPool-1 - Added connection conn0: url=jdbc:h2:mem:testdb user=SA
2026-03-18T11:53:28.919+09:00  INFO 19376 --- [    Test worker] com.zaxxer.hikari.HikariDataSource       : HikariPool-1 - Start completed.
2026-03-18T11:53:29.016+09:00  INFO 19376 --- [    Test worker] org.hibernate.orm.jpa                    : HHH008540: Processing PersistenceUnitInfo [name: default]
2026-03-18T11:53:29.080+09:00  INFO 19376 --- [    Test worker] org.hibernate.orm.core                   : HHH000001: Hibernate ORM core version 7.2.4.Final
2026-03-18T11:53:29.583+09:00  INFO 19376 --- [    Test worker] o.s.o.j.p.SpringPersistenceUnitInfo      : No LoadTimeWeaver setup: ignoring JPA class transformer
2026-03-18T11:53:29.638+09:00  WARN 19376 --- [    Test worker] org.hibernate.orm.core                   : HHH000511: The 2.4.240 version for [org.hibernate.dialect.PostgreSQLDialect] is no longer supported, hence certain features may not work properly.The minimum supported version is 13.0.0. Check the community dialects project for available legacy versions.
2026-03-18T11:53:29.641+09:00  WARN 19376 --- [    Test worker] org.hibernate.orm.deprecation            : HHH90000025: PostgreSQLDialect does not need to be specified explicitly using 'hibernate.dialect' (remove the property setting and it will be selected by default)
2026-03-18T11:53:29.656+09:00  INFO 19376 --- [    Test worker] org.hibernate.orm.connections.pooling    : HHH10001005: Database info:
	Database JDBC URL [jdbc:h2:mem:testdb]
	Database driver: H2 JDBC Driver
	Database dialect: PostgreSQLDialect
	Database version: 2.4.240
	Default catalog/schema: testdb/public
	Autocommit mode: undefined/unknown
	Isolation level: READ_COMMITTED [default READ_COMMITTED]
	JDBC fetch size: 100
	Pool: DataSourceConnectionProvider
	Minimum pool size: undefined/unknown
	Maximum pool size: undefined/unknown
2026-03-18T11:53:30.552+09:00  INFO 19376 --- [    Test worker] org.hibernate.orm.core                   : HHH000489: No JTA platform available (set 'hibernate.transaction.jta.platform' to enable JTA platform integration)
2026-03-18T11:53:30.609+09:00  INFO 19376 --- [    Test worker] j.LocalContainerEntityManagerFactoryBean : Initialized JPA EntityManagerFactory for persistence unit 'default'
2026-03-18T11:53:30.683+09:00  INFO 19376 --- [    Test worker] o.s.d.j.r.query.QueryEnhancerFactories   : Hibernate is in classpath; If applicable, HQL parser will be used.
2026-03-18T11:53:30.952+09:00  WARN 19376 --- [    Test worker] JpaBaseConfiguration$JpaWebConfiguration : spring.jpa.open-in-view is enabled by default. Therefore, database queries may be performed during view rendering. Explicitly configure spring.jpa.open-in-view to disable this warning
2026-03-18T11:53:31.072+09:00  INFO 19376 --- [    Test worker] r$InitializeUserDetailsManagerConfigurer : Global AuthenticationManager configured with UserDetailsService bean with name customUserDetailsService
2026-03-18T11:53:31.248+09:00  INFO 19376 --- [    Test worker] o.s.b.w.a.WelcomePageHandlerMapping      : Adding welcome page template: index
2026-03-18T11:53:31.643+09:00  INFO 19376 --- [    Test worker] c.e.g.GoldentimeApplicationTests         : Started GoldentimeApplicationTests in 4.289 seconds (process running for 5.56)
]]></system-out>
  <system-err><![CDATA[]]></system-err>
</testsuite>
